#
# There is insufficient memory for the Java Runtime Environment to continue.
# Native memory allocation (malloc) failed to allocate 1048576 bytes for AllocateHeap
# Possible reasons:
#   The system is out of physical RAM or swap space
#   The process is running with CompressedOops enabled, and the Java Heap may be blocking the growth of the native heap
# Possible solutions:
#   Reduce memory load on the system
#   Increase physical memory or swap space
#   Check if swap backing store is full
#   Decrease Java heap size (-Xmx/-Xms)
#   Decrease number of Java threads
#   Decrease Java thread stack sizes (-Xss)
#   Set larger code cache with -XX:ReservedCodeCacheSize=
#   JVM is running with Unscaled Compressed Oops mode in which the Java heap is
#     placed in the first 4GB address space. The Java Heap base address is the
#     maximum limit for the native heap growth. Please use -XX:HeapBaseMinAddress
#     to set the Java Heap base and to place the Java Heap above 4GB virtual address.
# This output file may be truncated or incomplete.
#
#  Out of Memory Error (memory/allocation.inline.hpp:61), pid=17704, tid=0x0000000000001ef0
#
# JRE version:  (8.0_241-b07) (build )
# Java VM: Java HotSpot(TM) 64-Bit Server VM (25.241-b07 mixed mode windows-amd64 compressed oops)
# Failed to write core dump. Minidumps are not enabled by default on client versions of Windows
#

---------------  T H R E A D  ---------------

Current thread (0x0000000002a02800):  JavaThread "Unknown thread" [_thread_in_vm, id=7920, stack(0x0000000002900000,0x0000000002a00000)]

Stack: [0x0000000002900000,0x0000000002a00000]
[error occurred during error reporting (printing stack bounds), id 0xc0000005]

Native frames: (J=compiled Java code, j=interpreted, Vv=VM code, C=native code)


---------------  P R O C E S S  ---------------

Java Threads: ( => current thread )

Other Threads:

=>0x0000000002a02800 (exited) JavaThread "Unknown thread" [_thread_in_vm, id=7920, stack(0x0000000002900000,0x0000000002a00000)]

VM state:not at safepoint (normal execution)

VM Mutex/Monitor currently owned by a thread: None

heap address: 0x00000000c1c00000, size: 996 MB, Compressed Oops mode: 32-bit
Narrow klass base: 0x0000000000000000, Narrow klass shift: 3
Compressed class space size: 1073741824 Address: 0x0000000100000000

Heap:
 PSYoungGen      total 18944K, used 327K [0x00000000eb400000, 0x00000000ec900000, 0x0000000100000000)
  eden space 16384K, 2% used [0x00000000eb400000,0x00000000eb451ec8,0x00000000ec400000)
  from space 2560K, 0% used [0x00000000ec680000,0x00000000ec680000,0x00000000ec900000)
  to   space 2560K, 0% used [0x00000000ec400000,0x00000000ec400000,0x00000000ec680000)
 ParOldGen       total 44032K, used 0K [0x00000000c1c00000, 0x00000000c4700000, 0x00000000eb400000)
  object space 44032K, 0% used [0x00000000c1c00000,0x00000000c1c00000,0x00000000c4700000)
 Metaspace       used 776K, capacity 4480K, committed 4480K, reserved 1056768K
  class space    used 76K, capacity 384K, committed 384K, reserved 1048576K

Card table byte_map: [0x0000000011ec0000,0x00000000120c0000] byte_map_base: 0x00000000118b2000

Marking Bits: (ParMarkBitMap*) 0x000000005339be30
 Begin Bits: [0x0000000012a10000, 0x00000000139a0000)
 End Bits:   [0x00000000139a0000, 0x0000000014930000)

Polling page: 0x0000000000b00000

CodeCache: size=245760Kb used=328Kb max_used=328Kb free=245431Kb
 bounds [0x0000000002b00000, 0x0000000002d70000, 0x0000000011b00000]
 total_blobs=58 nmethods=0 adapters=38
 compilation: enabled

Compilation events (0 events):
No events

GC Heap History (0 events):
No events

Deoptimization events (0 events):
No events

Classes redefined (0 events):
No events

Internal exceptions (0 events):
No events

Events (10 events):
Event: 0.267 loading class java/lang/Short
Event: 0.272 loading class java/lang/Short done
Event: 0.273 loading class java/lang/Integer
Event: 0.273 loading class java/lang/Integer done
Event: 0.273 loading class java/lang/Long
Event: 0.276 loading class java/lang/Long done
Event: 0.324 loading class java/lang/NullPointerException
Event: 0.334 loading class java/lang/NullPointerException done
Event: 0.334 loading class java/lang/ArithmeticException
Event: 0.334 loading class java/lang/ArithmeticException done


Dynamic libraries:
0x00007ff600690000 - 0x00007ff6006c7000 	C:\Program Files\Java\jdk1.8.0_241\bin\java.exe
0x00007ff851790000 - 0x00007ff8519a4000 	C:\WINDOWS\SYSTEM32\ntdll.dll
0x00007ff850300000 - 0x00007ff8503c2000 	C:\WINDOWS\System32\KERNEL32.DLL
0x00007ff84ebd0000 - 0x00007ff84ef6c000 	C:\WINDOWS\System32\KERNELBASE.dll
0x00007ff84bc30000 - 0x00007ff84bcc6000 	C:\WINDOWS\SYSTEM32\apphelp.dll
0x00007ff851660000 - 0x00007ff85170e000 	C:\WINDOWS\System32\ADVAPI32.dll
0x00007ff84f940000 - 0x00007ff84f9e7000 	C:\WINDOWS\System32\msvcrt.dll
0x00007ff850060000 - 0x00007ff850104000 	C:\WINDOWS\System32\sechost.dll
0x00007ff851390000 - 0x00007ff8514a7000 	C:\WINDOWS\System32\RPCRT4.dll
0x00007ff8514b0000 - 0x00007ff85165b000 	C:\WINDOWS\System32\USER32.dll
0x00007ff84ef70000 - 0x00007ff84ef96000 	C:\WINDOWS\System32\win32u.dll
0x00007ff8501a0000 - 0x00007ff8501c9000 	C:\WINDOWS\System32\GDI32.dll
0x00007ff84f360000 - 0x00007ff84f473000 	C:\WINDOWS\System32\gdi32full.dll
0x00007ff84f180000 - 0x00007ff84f21a000 	C:\WINDOWS\System32\msvcp_win.dll
0x00007ff84f480000 - 0x00007ff84f591000 	C:\WINDOWS\System32\ucrtbase.dll
0x00007ff833a40000 - 0x00007ff833cce000 	C:\WINDOWS\WinSxS\amd64_microsoft.windows.common-controls_6595b64144ccf1df_6.0.22621.608_none_a9444ca7c10bb01d\COMCTL32.dll
0x00007ff851710000 - 0x00007ff851741000 	C:\WINDOWS\System32\IMM32.DLL
0x0000000053420000 - 0x00000000534f2000 	C:\Program Files\Java\jdk1.8.0_241\jre\bin\msvcr100.dll
0x0000000052b70000 - 0x000000005341c000 	C:\Program Files\Java\jdk1.8.0_241\jre\bin\server\jvm.dll
0x00007ff84ff20000 - 0x00007ff84ff28000 	C:\WINDOWS\System32\PSAPI.DLL
0x00007ff8480a0000 - 0x00007ff8480d4000 	C:\WINDOWS\SYSTEM32\WINMM.dll
0x00007ff82f9b0000 - 0x00007ff82f9b9000 	C:\WINDOWS\SYSTEM32\WSOCK32.dll
0x00007ff84ffe0000 - 0x00007ff850051000 	C:\WINDOWS\System32\WS2_32.dll
0x00007ff846ee0000 - 0x00007ff846eea000 	C:\WINDOWS\SYSTEM32\VERSION.dll
0x00007ff849340000 - 0x00007ff84934f000 	C:\Program Files\Java\jdk1.8.0_241\jre\bin\verify.dll
0x00007ff838b30000 - 0x00007ff838b59000 	C:\Program Files\Java\jdk1.8.0_241\jre\bin\java.dll
0x00007ff83b240000 - 0x00007ff83b256000 	C:\Program Files\Java\jdk1.8.0_241\jre\bin\zip.dll

VM Arguments:
java_command: Loop
java_class_path (initial): C:\Users\hp\AppData\Roaming\Code\User\workspaceStorage\61c8bc30b2cd0cddc4a074fc0757540b\redhat.java\jdt_ws\Basics_bb7acf0b\bin
Launcher Type: SUN_STANDARD

Environment Variables:
CLASSPATH=C:\oraclexe\app\oracle\product\11.2.0\server\jdbc\lib\ojdbc6.jar;%classpath%.;
PATH=C:\Users\hp\bin;C:\Program Files\Git\mingw64\bin;C:\Program Files\Git\usr\local\bin;C:\Program Files\Git\usr\bin;C:\Program Files\Git\usr\bin;C:\Program Files\Git\mingw64\bin;C:\Program Files\Git\usr\bin;C:\Users\hp\bin;C:\Python310\Scripts;C:\Python310;C:\oraclexe\app\oracle\product\11.2.0\server\bin;C:\Program Files (x86)\Common Files\Oracle\Java\javapath;C:\WINDOWS\system32;C:\WINDOWS;C:\WINDOWS\System32\Wbem;C:\WINDOWS\System32\WindowsPowerShell\v1.0;C:\WINDOWS\System32\OpenSSH;F:\apache-maven-3.8.5\bin;C:\Program Files\MySQL\MySQL Utilities 1.6;C:\Program Files\nodejs;C:\ProgramData\chocolatey\bin;C:\Program Files\Git\cmd;C:\Program Files\Git\mingw64\bin;C:\Program Files\Git\usr\bin;C:\Users\hp\AppData\Local\Programs\Python\Python39\Scripts;C:\Users\hp\AppData\Local\Programs\Python\Python39;C:\Users\hp\AppData\Local\Programs\Python\Python38\Scripts;C:\Users\hp\AppData\Local\Programs\Python\Python38;C:\Users\hp\AppData\Local\Microsoft\WindowsApps;C:\Program Files\Java\jdk1.8.0_241\bin;C:\Users\hp\AppData\Local\Programs\Microsoft VS Code\bin;C:\Users\hp\AppData\Roaming\npm;C:\Program Files\Git\usr\bin\vendor_perl;C:\Program Files\Git\usr\bin\core_perl
USERNAME=hp
SHELL=C:\Program Files\Git\usr\bin\bash.exe
DISPLAY=needs-to-be-defined
OS=Windows_NT
PROCESSOR_IDENTIFIER=Intel64 Family 6 Model 142 Stepping 12, GenuineIntel



---------------  S Y S T E M  ---------------

OS: Windows 10.0 , 64 bit Build 22621 (10.0.22621.1485)

CPU:total 8 (initial active 8) (4 cores per cpu, 2 threads per core) family 6 model 142 stepping 12, cmov, cx8, fxsr, mmx, sse, sse2, sse3, ssse3, sse4.1, sse4.2, popcnt, avx, avx2, aes, clmul, erms, 3dnowpref, lzcnt, ht, tsc, tscinvbit, bmi1, bmi2, adx

Memory: 4k page, physical 4077876k(155776k free), swap 16660788k(131992k free)

vm_info: Java HotSpot(TM) 64-Bit Server VM (25.241-b07) for windows-amd64 JRE (1.8.0_241-b07), built on Dec 11 2019 10:21:40 by "rejava" with MS VC++ 10.0 (VS2010)

time: Thu Apr 20 16:40:30 2023
timezone: India Standard Time
elapsed time: 3 seconds (0d 0h 0m 3s)

